[0515/220407.886:WARNING:backend_impl.cc(1837)] Destroying invalid entry.
[0515/220407.892:ERROR:backend_impl.cc(1041)] Critical error found -8
[0515/220407.893:WARNING:storage_block-inl.h(146)] Failed data load.
[0515/220407.893:ERROR:entry_impl.cc(1075)] No file for c103014a
[0515/220407.893:WARNING:storage_block-inl.h(146)] Failed data load.
[0515/220407.893:WARNING:storage_block-inl.h(146)] Failed data load.
[0515/220407.893:WARNING:storage_block-inl.h(146)] Failed data load.
[0515/220407.893:WARNING:storage_block-inl.h(146)] Failed data load.
[0515/220407.893:ERROR:entry_impl.cc(1075)] No file for c103014e
[0515/220407.893:WARNING:storage_block-inl.h(146)] Failed data load.
[0515/220407.893:WARNING:storage_block-inl.h(146)] Failed data load.
[0515/220407.893:WARNING:storage_block-inl.h(146)] Failed data load.
[0515/220407.893:WARNING:storage_block-inl.h(146)] Failed data load.
[0515/220407.893:ERROR:entry_impl.cc(1075)] No file for c1030154
[0515/220407.893:WARNING:storage_block-inl.h(146)] Failed data load.
[0515/220407.893:WARNING:storage_block-inl.h(146)] Failed data load.
[0515/220407.893:WARNING:storage_block-inl.h(146)] Failed data load.
[0515/220408.126:ERROR:entry_impl.cc(998)] Failed to save user data
[0515/220408.126:ERROR:entry_impl.cc(998)] Failed to save user data
[0515/220410.882:WARNING:value_store_frontend.cc(45)] Reading mhjfbmdgcfjbbpaeojofohoefgiehjai.alarms from  failed: IO error: .../MANIFEST-000001: Unable to create sequential file (ChromeMethodBFE: 7::NewSequentialFile::1)
[0515/220606.745:ERROR:gpu_init.cc(426)] Passthrough is not supported, GL is disabled
